commit f1dc85a9d3dc3b8964c2ac4adc37522ffd4a0023
Author: Shannon Levick <slevi4@gmail.com>
Date:   Tue May 27 19:49:48 2014 +1000

    Version 6.7

commit d93e946901a29c4d77d86f6c12a1a84438bb06e8
Author: Shannon Levick <slevi4@gmail.com>
Date:   Tue May 27 19:37:21 2014 +1000

    Version 6.6

commit 5125264d533df44f12e1d2dd50a21b7dc62ae2a8
Author: Shannon Levick <slevi4@gmail.com>
Date:   Tue May 27 19:05:54 2014 +1000

    Version 6.5

commit 6c402f439a8a14d56dd4c11349cc580a8a41313e
Author: Shannon Levick <slevi4@gmail.com>
Date:   Tue May 27 18:23:47 2014 +1000

    Version 6.5

commit 31c24e462844a0c20f51162e999ae2322070f24f
Author: Shannon Levick <slevi4@gmail.com>
Date:   Tue May 27 17:46:56 2014 +1000

    Version 6.4

commit 04c3af54ef95aabdce3e5da6f53688638249b8c6
Author: Shannon Levick <slevi4@gmail.com>
Date:   Tue May 27 17:27:46 2014 +1000

    Version 6.3

commit b9320e40d36c2ab5425e763c1ec53a30c94f1859
Author: Shannon Levick <slevi4@gmail.com>
Date:   Tue May 27 16:33:05 2014 +1000

    Version 6.1

commit 47bd7962ac56eb8ecad03fd69425570e5613a4d6
Merge: 12119d2 7ae52f2
Author: Shannon Levick <slevi4@gmail.com>
Date:   Tue May 27 00:31:48 2014 +1000

    Version 6

commit 12119d288724c985bf73daf946946bf4c9ccc773
Author: Shannon Levick <slevi4@gmail.com>
Date:   Tue May 27 00:29:43 2014 +1000

    Version 6

commit 7ae52f2d27a60fdbc735dbb9a00464fef1847a77
Author: yujinoh <YujinOh@YUJINs-MacBook-Pro.local>
Date:   Mon May 26 22:34:26 2014 +1000

    Test
    
    Test

commit 034d6afd97813db9b68dba843d4cf92777d907ed
Author: Shannon Levick <slevi4@gmail.com>
Date:   Sat May 24 16:22:51 2014 +1000

    Version 5 - 24th May

commit 4f99355460a0c092563aa0efaba3321707a75195
Author: Shannon Levick <slevi4@gmail.com>
Date:   Sat May 24 16:15:05 2014 +1000

    Version 4

commit 09133b7dfdecade671d1561adbc5b3ccc7308e33
Author: Shannon Levick <slevi4@gmail.com>
Date:   Sat May 24 15:21:39 2014 +1000

    Version 3

commit e930b4f5d95740970e6a3009c0256cc2b4ef55a3
Author: Shannon Levick <slevi4@gmail.com>
Date:   Fri May 23 00:33:36 2014 +1000

    Version 2

commit abcb04884e0753b2f8f4c11527d0f74703833c8b
Author: Shannon Levick <slevi4@gmail.com>
Date:   Thu May 22 19:07:37 2014 +1000

    Version 1

commit 623db81b73d81e77a925fcbc5723154e9de8f1e7
Author: Slevi4 <Slevi4@users.noreply.github.com>
Date:   Thu May 22 18:43:06 2014 +1000

    Delete REAMDE.txt

commit cb4b299909213f1969d24d32672439b4ab0674d7
Author: Shannon Levick <slevi4@gmail.com>
Date:   Thu May 22 18:39:32 2014 +1000

    Fixed Readme

commit fef64c86e777d5dd2ac622bc5c27131d5921c678
Author: Shannon Levick <slevi4@gmail.com>
Date:   Thu May 22 18:28:49 2014 +1000

    Initial commit of src and doc
